<?xml version="1.0" encoding="UTF-8"?>
<!-- Generated by org.testng.reporters.JUnitReportReporter -->
<testsuite skipped="0" hostname="LAPTOP-DC6CG7JE" name="com.training.sanity.tests.LoginTests" tests="1" failures="0" timestamp="30 Mar 2020 13:10:17 GMT" time="19.519" errors="0">
  <testcase name="validLoginTest" time="19.519" classname="com.training.sanity.tests.LoginTests"/>
</testsuite> <!-- com.training.sanity.tests.LoginTests -->
